[18-Mar-2025 12:11:34 UTC] PHP Warning:  SQLite3::exec(): database is locked in /var/www/html/pint/portiaz_5/index.php on line 19
[18-Mar-2025 12:11:34 UTC] PHP Warning:  SQLite3::exec(): database is locked in /var/www/html/pint/portiaz_5/index.php on line 26
[18-Mar-2025 12:11:34 UTC] PHP Warning:  SQLite3::exec(): database is locked in /var/www/html/pint/portiaz_5/index.php on line 34
[18-Mar-2025 12:11:34 UTC] PHP Warning:  SQLite3::exec(): database is locked in /var/www/html/pint/portiaz_5/index.php on line 43
[18-Mar-2025 12:11:34 UTC] PHP Warning:  SQLite3::querySingle(): Unable to prepare statement: database is locked in /var/www/html/pint/portiaz_5/index.php on line 51
[18-Mar-2025 12:11:34 UTC] PHP Warning:  SQLite3::exec(): database is locked in /var/www/html/pint/portiaz_5/index.php on line 53
[18-Mar-2025 12:11:34 UTC] PHP Warning:  SQLite3::query(): Unable to prepare statement: database is locked in /var/www/html/pint/portiaz_5/index.php on line 332
[18-Mar-2025 12:11:34 UTC] PHP Fatal error:  Uncaught Error: Call to a member function fetchArray() on false in /var/www/html/pint/portiaz_5/index.php:334
Stack trace:
#0 {main}
  thrown in /var/www/html/pint/portiaz_5/index.php on line 334
[18-Mar-2025 12:11:34 UTC] PHP Warning:  SQLite3::exec(): database is locked in /var/www/html/pint/portiaz_5/index.php on line 19
[18-Mar-2025 12:11:34 UTC] PHP Warning:  SQLite3::exec(): database is locked in /var/www/html/pint/portiaz_5/index.php on line 26
[18-Mar-2025 12:11:34 UTC] PHP Warning:  SQLite3::exec(): database is locked in /var/www/html/pint/portiaz_5/index.php on line 34
[18-Mar-2025 12:11:34 UTC] PHP Warning:  SQLite3::exec(): database is locked in /var/www/html/pint/portiaz_5/index.php on line 43
[18-Mar-2025 12:11:34 UTC] PHP Warning:  SQLite3::querySingle(): Unable to prepare statement: database is locked in /var/www/html/pint/portiaz_5/index.php on line 51
[18-Mar-2025 12:11:34 UTC] PHP Warning:  SQLite3::exec(): database is locked in /var/www/html/pint/portiaz_5/index.php on line 53
[18-Mar-2025 12:11:34 UTC] PHP Warning:  SQLite3::query(): Unable to prepare statement: database is locked in /var/www/html/pint/portiaz_5/index.php on line 306
[18-Mar-2025 12:11:34 UTC] PHP Fatal error:  Uncaught Error: Call to a member function fetchArray() on false in /var/www/html/pint/portiaz_5/index.php:307
Stack trace:
#0 {main}
  thrown in /var/www/html/pint/portiaz_5/index.php on line 307
[18-Mar-2025 12:12:04 UTC] PHP Warning:  Undefined array key "puu_id" in /var/www/html/pint/portiaz_5/index.php on line 337
[18-Mar-2025 12:12:27 UTC] PHP Warning:  Undefined array key "puu_id" in /var/www/html/pint/portiaz_5/index.php on line 337
